<?xml version="1.0" encoding="UTF-8"?>
<!-- Generated by org.testng.reporters.JUnitReportReporter -->
<testsuite hostname="INBASDLP19204" failures="0" tests="1" name="stc.b2b.msd365.testcases.TC_RegisteredUserLoginTest" time="7.633" errors="0" timestamp="2023-02-19T11:33:19 AST" skipped="0">
  <testcase classname="stc.b2b.msd365.testcases.TC_RegisteredUserLoginTest" name="verifyRegistrationAndLogin" time="7.633"/>
  <system-out/>
</testsuite> <!-- stc.b2b.msd365.testcases.TC_RegisteredUserLoginTest -->
