<?xml version="1.0" encoding="UTF-8"?>
<!-- Generated by org.testng.reporters.JUnitReportReporter -->
<testsuite hostname="INBASDLP19204" failures="0" tests="1" name="com.myshop.testcases.TC_RegisteredUserLoginTest" time="6.803" errors="0" timestamp="2023-02-16T15:24:01 AST" skipped="0">
  <testcase classname="com.myshop.testcases.TC_RegisteredUserLoginTest" name="verifyRegistrationAndLogin" time="6.803"/>
  <system-out/>
</testsuite> <!-- com.myshop.testcases.TC_RegisteredUserLoginTest -->
